<?xml version="1.0" encoding="UTF-8"?>
<testsuite xmlns:xsi="http://www.w3.org/2001/XMLSchema-instance" xsi:noNamespaceSchemaLocation="https://maven.apache.org/surefire/maven-surefire-plugin/xsd/surefire-test-report-3.0.xsd" version="3.0" name="org.sonar.samples.java.checks.MyCustomSubscriptionRuleTest" time="0.023" tests="1" errors="0" skipped="0" failures="0">
  <properties>
    <property name="sun.desktop" value="windows"/>
    <property name="awt.toolkit" value="sun.awt.windows.WToolkit"/>
    <property name="java.specification.version" value="11"/>
    <property name="sun.cpu.isalist" value="amd64"/>
    <property name="sun.jnu.encoding" value="MS950"/>
    <property name="java.class.path" value="D:\實驗室\sonarqube\codehawkgit\CodeHawk\target\test-classes;D:\實驗室\sonarqube\codehawkgit\CodeHawk\target\classes;C:\Users\jack9\.m2\repository\org\sonarsource\sonarqube\sonar-plugin-api\7.9\sonar-plugin-api-7.9.jar;C:\Users\jack9\.m2\repository\org\sonarsource\java\sonar-java-plugin\5.12.1.17771\sonar-java-plugin-5.12.1.17771.jar;C:\Users\jack9\.m2\repository\org\sonarsource\java\java-surefire\5.12.1.17771\java-surefire-5.12.1.17771.jar;C:\Users\jack9\.m2\repository\com\fasterxml\staxmate\staxmate\2.3.1\staxmate-2.3.1.jar;C:\Users\jack9\.m2\repository\org\codehaus\woodstox\stax2-api\3.1.4\stax2-api-3.1.4.jar;C:\Users\jack9\.m2\repository\org\sonarsource\analyzer-commons\sonar-xml-parsing\1.10.2.456\sonar-xml-parsing-1.10.2.456.jar;C:\Users\jack9\.m2\repository\org\sonarsource\analyzer-commons\sonar-analyzer-test-commons\1.10.2.456\sonar-analyzer-test-commons-1.10.2.456.jar;C:\Users\jack9\.m2\repository\xerces\xercesImpl\2.12.0\xercesImpl-2.12.0.jar;C:\Users\jack9\.m2\repository\xml-apis\xml-apis\1.4.01\xml-apis-1.4.01.jar;C:\Users\jack9\.m2\repository\com\fasterxml\woodstox\woodstox-core\5.2.0\woodstox-core-5.2.0.jar;C:\Users\jack9\.m2\repository\org\sonarsource\java\java-jacoco\5.12.1.17771\java-jacoco-5.12.1.17771.jar;C:\Users\jack9\.m2\repository\org\jacoco\org.jacoco.core\0.8.3\org.jacoco.core-0.8.3.jar;C:\Users\jack9\.m2\repository\org\ow2\asm\asm\7.0\asm-7.0.jar;C:\Users\jack9\.m2\repository\org\sonarsource\java\java-frontend\5.12.1.17771\java-frontend-5.12.1.17771.jar;C:\Users\jack9\.m2\repository\org\ow2\asm\asm-commons\7.1\asm-commons-7.1.jar;C:\Users\jack9\.m2\repository\org\ow2\asm\asm-tree\7.1\asm-tree-7.1.jar;C:\Users\jack9\.m2\repository\org\ow2\asm\asm-analysis\7.1\asm-analysis-7.1.jar;C:\Users\jack9\.m2\repository\org\ow2\asm\asm-util\7.1\asm-util-7.1.jar;C:\Users\jack9\.m2\repository\org\sonarsource\java\java-checks\5.12.1.17771\java-checks-5.12.1.17771.jar;C:\Users\jack9\.m2\repository\org\sonarsource\analyzer-commons\sonar-analyzer-recognizers\1.10.2.456\sonar-analyzer-recognizers-1.10.2.456.jar;C:\Users\jack9\.m2\repository\org\sonarsource\java\external-reports\5.12.1.17771\external-reports-5.12.1.17771.jar;C:\Users\jack9\.m2\repository\org\sonarsource\analyzer-commons\sonar-analyzer-commons\1.10.2.456\sonar-analyzer-commons-1.10.2.456.jar;C:\Users\jack9\.m2\repository\org\sonarsource\sslr-squid-bridge\sslr-squid-bridge\2.6.1\sslr-squid-bridge-2.6.1.jar;C:\Users\jack9\.m2\repository\org\picocontainer\picocontainer\2.14.1\picocontainer-2.14.1.jar;C:\Users\jack9\.m2\repository\org\sonarsource\java\java-checks-testkit\5.12.1.17771\java-checks-testkit-5.12.1.17771.jar;C:\Users\jack9\.m2\repository\com\google\code\findbugs\jsr305\1.3.9\jsr305-1.3.9.jar;C:\Users\jack9\.m2\repository\com\google\code\gson\gson\2.6.2\gson-2.6.2.jar;C:\Users\jack9\.m2\repository\org\sonarsource\sslr\sslr-testing-harness\1.21\sslr-testing-harness-1.21.jar;C:\Users\jack9\.m2\repository\org\sonarsource\sslr\sslr-core\1.21\sslr-core-1.21.jar;C:\Users\jack9\.m2\repository\cglib\cglib-nodep\3.1\cglib-nodep-3.1.jar;C:\Users\jack9\.m2\repository\org\sonarsource\sslr\sslr-toolkit\1.21\sslr-toolkit-1.21.jar;C:\Users\jack9\.m2\repository\org\sonarsource\sslr\sslr-xpath\1.21\sslr-xpath-1.21.jar;C:\Users\jack9\.m2\repository\jaxen\jaxen\1.1.4\jaxen-1.1.4.jar;C:\Users\jack9\.m2\repository\org\codehaus\sonar\sonar-colorizer\3.7\sonar-colorizer-3.7.jar;C:\Users\jack9\.m2\repository\org\codehaus\sonar\sonar-channel\3.7\sonar-channel-3.7.jar;C:\Users\jack9\.m2\repository\commons-io\commons-io\2.4\commons-io-2.4.jar;C:\Users\jack9\.m2\repository\org\easytesting\fest-assert\1.4\fest-assert-1.4.jar;C:\Users\jack9\.m2\repository\org\easytesting\fest-util\1.1.6\fest-util-1.1.6.jar;C:\Users\jack9\.m2\repository\org\hamcrest\hamcrest-all\1.1\hamcrest-all-1.1.jar;C:\Users\jack9\.m2\repository\commons-lang\commons-lang\2.6\commons-lang-2.6.jar;C:\Users\jack9\.m2\repository\com\google\guava\guava\19.0\guava-19.0.jar;C:\Users\jack9\.m2\repository\org\slf4j\slf4j-api\1.6.2\slf4j-api-1.6.2.jar;C:\Users\jack9\.m2\repository\junit\junit\4.11\junit-4.11.jar;C:\Users\jack9\.m2\repository\org\hamcrest\hamcrest-core\1.3\hamcrest-core-1.3.jar;C:\Users\jack9\.m2\repository\org\assertj\assertj-core\3.6.1\assertj-core-3.6.1.jar;C:\Users\jack9\.m2\repository\ch\qos\logback\logback-classic\0.9.30\logback-classic-0.9.30.jar;C:\Users\jack9\.m2\repository\ch\qos\logback\logback-core\0.9.30\logback-core-0.9.30.jar;"/>
    <property name="java.vm.vendor" value="Oracle Corporation"/>
    <property name="sun.arch.data.model" value="64"/>
    <property name="user.variant" value=""/>
    <property name="java.vendor.url" value="https://openjdk.java.net/"/>
    <property name="user.timezone" value="GMT+08:00"/>
    <property name="java.vm.specification.version" value="11"/>
    <property name="os.name" value="Windows 10"/>
    <property name="sun.java.launcher" value="SUN_STANDARD"/>
    <property name="user.country" value="TW"/>
    <property name="sun.boot.library.path" value="C:\Program Files\Java\jdk-11.0.7\bin"/>
    <property name="sun.java.command" value="C:\Users\jack9\AppData\Local\Temp\surefire15657738656163588829\surefirebooter16499239662748125353.jar C:\Users\jack9\AppData\Local\Temp\surefire15657738656163588829 2020-07-17T19-58-42_217-jvmRun1 surefire12057386008902790820tmp surefire_013860133010581984689tmp"/>
    <property name="jdk.debug" value="release"/>
    <property name="surefire.test.class.path" value="D:\實驗室\sonarqube\codehawkgit\CodeHawk\target\test-classes;D:\實驗室\sonarqube\codehawkgit\CodeHawk\target\classes;C:\Users\jack9\.m2\repository\org\sonarsource\sonarqube\sonar-plugin-api\7.9\sonar-plugin-api-7.9.jar;C:\Users\jack9\.m2\repository\org\sonarsource\java\sonar-java-plugin\5.12.1.17771\sonar-java-plugin-5.12.1.17771.jar;C:\Users\jack9\.m2\repository\org\sonarsource\java\java-surefire\5.12.1.17771\java-surefire-5.12.1.17771.jar;C:\Users\jack9\.m2\repository\com\fasterxml\staxmate\staxmate\2.3.1\staxmate-2.3.1.jar;C:\Users\jack9\.m2\repository\org\codehaus\woodstox\stax2-api\3.1.4\stax2-api-3.1.4.jar;C:\Users\jack9\.m2\repository\org\sonarsource\analyzer-commons\sonar-xml-parsing\1.10.2.456\sonar-xml-parsing-1.10.2.456.jar;C:\Users\jack9\.m2\repository\org\sonarsource\analyzer-commons\sonar-analyzer-test-commons\1.10.2.456\sonar-analyzer-test-commons-1.10.2.456.jar;C:\Users\jack9\.m2\repository\xerces\xercesImpl\2.12.0\xercesImpl-2.12.0.jar;C:\Users\jack9\.m2\repository\xml-apis\xml-apis\1.4.01\xml-apis-1.4.01.jar;C:\Users\jack9\.m2\repository\com\fasterxml\woodstox\woodstox-core\5.2.0\woodstox-core-5.2.0.jar;C:\Users\jack9\.m2\repository\org\sonarsource\java\java-jacoco\5.12.1.17771\java-jacoco-5.12.1.17771.jar;C:\Users\jack9\.m2\repository\org\jacoco\org.jacoco.core\0.8.3\org.jacoco.core-0.8.3.jar;C:\Users\jack9\.m2\repository\org\ow2\asm\asm\7.0\asm-7.0.jar;C:\Users\jack9\.m2\repository\org\sonarsource\java\java-frontend\5.12.1.17771\java-frontend-5.12.1.17771.jar;C:\Users\jack9\.m2\repository\org\ow2\asm\asm-commons\7.1\asm-commons-7.1.jar;C:\Users\jack9\.m2\repository\org\ow2\asm\asm-tree\7.1\asm-tree-7.1.jar;C:\Users\jack9\.m2\repository\org\ow2\asm\asm-analysis\7.1\asm-analysis-7.1.jar;C:\Users\jack9\.m2\repository\org\ow2\asm\asm-util\7.1\asm-util-7.1.jar;C:\Users\jack9\.m2\repository\org\sonarsource\java\java-checks\5.12.1.17771\java-checks-5.12.1.17771.jar;C:\Users\jack9\.m2\repository\org\sonarsource\analyzer-commons\sonar-analyzer-recognizers\1.10.2.456\sonar-analyzer-recognizers-1.10.2.456.jar;C:\Users\jack9\.m2\repository\org\sonarsource\java\external-reports\5.12.1.17771\external-reports-5.12.1.17771.jar;C:\Users\jack9\.m2\repository\org\sonarsource\analyzer-commons\sonar-analyzer-commons\1.10.2.456\sonar-analyzer-commons-1.10.2.456.jar;C:\Users\jack9\.m2\repository\org\sonarsource\sslr-squid-bridge\sslr-squid-bridge\2.6.1\sslr-squid-bridge-2.6.1.jar;C:\Users\jack9\.m2\repository\org\picocontainer\picocontainer\2.14.1\picocontainer-2.14.1.jar;C:\Users\jack9\.m2\repository\org\sonarsource\java\java-checks-testkit\5.12.1.17771\java-checks-testkit-5.12.1.17771.jar;C:\Users\jack9\.m2\repository\com\google\code\findbugs\jsr305\1.3.9\jsr305-1.3.9.jar;C:\Users\jack9\.m2\repository\com\google\code\gson\gson\2.6.2\gson-2.6.2.jar;C:\Users\jack9\.m2\repository\org\sonarsource\sslr\sslr-testing-harness\1.21\sslr-testing-harness-1.21.jar;C:\Users\jack9\.m2\repository\org\sonarsource\sslr\sslr-core\1.21\sslr-core-1.21.jar;C:\Users\jack9\.m2\repository\cglib\cglib-nodep\3.1\cglib-nodep-3.1.jar;C:\Users\jack9\.m2\repository\org\sonarsource\sslr\sslr-toolkit\1.21\sslr-toolkit-1.21.jar;C:\Users\jack9\.m2\repository\org\sonarsource\sslr\sslr-xpath\1.21\sslr-xpath-1.21.jar;C:\Users\jack9\.m2\repository\jaxen\jaxen\1.1.4\jaxen-1.1.4.jar;C:\Users\jack9\.m2\repository\org\codehaus\sonar\sonar-colorizer\3.7\sonar-colorizer-3.7.jar;C:\Users\jack9\.m2\repository\org\codehaus\sonar\sonar-channel\3.7\sonar-channel-3.7.jar;C:\Users\jack9\.m2\repository\commons-io\commons-io\2.4\commons-io-2.4.jar;C:\Users\jack9\.m2\repository\org\easytesting\fest-assert\1.4\fest-assert-1.4.jar;C:\Users\jack9\.m2\repository\org\easytesting\fest-util\1.1.6\fest-util-1.1.6.jar;C:\Users\jack9\.m2\repository\org\hamcrest\hamcrest-all\1.1\hamcrest-all-1.1.jar;C:\Users\jack9\.m2\repository\commons-lang\commons-lang\2.6\commons-lang-2.6.jar;C:\Users\jack9\.m2\repository\com\google\guava\guava\19.0\guava-19.0.jar;C:\Users\jack9\.m2\repository\org\slf4j\slf4j-api\1.6.2\slf4j-api-1.6.2.jar;C:\Users\jack9\.m2\repository\junit\junit\4.11\junit-4.11.jar;C:\Users\jack9\.m2\repository\org\hamcrest\hamcrest-core\1.3\hamcrest-core-1.3.jar;C:\Users\jack9\.m2\repository\org\assertj\assertj-core\3.6.1\assertj-core-3.6.1.jar;C:\Users\jack9\.m2\repository\ch\qos\logback\logback-classic\0.9.30\logback-classic-0.9.30.jar;C:\Users\jack9\.m2\repository\ch\qos\logback\logback-core\0.9.30\logback-core-0.9.30.jar;"/>
    <property name="sun.cpu.endian" value="little"/>
    <property name="user.home" value="C:\Users\jack9"/>
    <property name="user.language" value="zh"/>
    <property name="java.specification.vendor" value="Oracle Corporation"/>
    <property name="java.version.date" value="2020-04-14"/>
    <property name="java.home" value="C:\Program Files\Java\jdk-11.0.7"/>
    <property name="file.separator" value="\"/>
    <property name="basedir" value="D:\實驗室\sonarqube\codehawkgit\CodeHawk"/>
    <property name="java.vm.compressedOopsMode" value="32-bit"/>
    <property name="line.separator" value="&#10;"/>
    <property name="java.specification.name" value="Java Platform API Specification"/>
    <property name="java.vm.specification.vendor" value="Oracle Corporation"/>
    <property name="java.awt.graphicsenv" value="sun.awt.Win32GraphicsEnvironment"/>
    <property name="surefire.real.class.path" value="C:\Users\jack9\AppData\Local\Temp\surefire15657738656163588829\surefirebooter16499239662748125353.jar"/>
    <property name="user.script" value=""/>
    <property name="sun.management.compiler" value="HotSpot 64-Bit Tiered Compilers"/>
    <property name="java.runtime.version" value="11.0.7+8-LTS"/>
    <property name="user.name" value="jack9"/>
    <property name="path.separator" value=";"/>
    <property name="os.version" value="10.0"/>
    <property name="java.runtime.name" value="Java(TM) SE Runtime Environment"/>
    <property name="file.encoding" value="MS950"/>
    <property name="java.vm.name" value="Java HotSpot(TM) 64-Bit Server VM"/>
    <property name="java.vendor.version" value="18.9"/>
    <property name="localRepository" value="C:\Users\jack9\.m2\repository"/>
    <property name="java.vendor.url.bug" value="https://bugreport.java.com/bugreport/"/>
    <property name="java.io.tmpdir" value="C:\Users\jack9\AppData\Local\Temp\"/>
    <property name="java.version" value="11.0.7"/>
    <property name="user.dir" value="D:\實驗室\sonarqube\codehawkgit\CodeHawk"/>
    <property name="os.arch" value="amd64"/>
    <property name="java.vm.specification.name" value="Java Virtual Machine Specification"/>
    <property name="java.awt.printerjob" value="sun.awt.windows.WPrinterJob"/>
    <property name="sun.os.patch.level" value=""/>
    <property name="java.library.path" value="C:\Program Files\Java\jdk-11.0.7\bin;C:\WINDOWS\Sun\Java\bin;C:\WINDOWS\system32;C:\WINDOWS;C:\Program Files (x86)\Common Files\Oracle\Java\javapath;C:\ProgramData\Oracle\Java\javapath;C:\Program Files (x86)\Intel\iCLS Client\;C:\Program Files\Intel\iCLS Client\;C:\Windows\system32;C:\Windows;C:\Windows\System32\Wbem;C:\Windows\System32\WindowsPowerShell\v1.0\;C:\Program Files (x86)\NVIDIA Corporation\PhysX\Common;C:\Program Files (x86)\Intel\Intel(R) Management Engine Components\DAL;C:\Program Files\Intel\Intel(R) Management Engine Components\DAL;C:\Program Files (x86)\Intel\Intel(R) Management Engine Components\IPT;C:\Program Files\Intel\Intel(R) Management Engine Components\IPT;C:\Program Files\Intel\WiFi\bin\;C:\Program Files\Common Files\Intel\WirelessCommon\;C:\WINDOWS\system32;C:\WINDOWS;C:\WINDOWS\System32\Wbem;C:\WINDOWS\System32\WindowsPowerShell\v1.0\;C:\WINDOWS\System32\OpenSSH\;C:\Program Files\Java\jdk-11.0.7\bin;C:\Program Files\Java\jdk-11.0.7;C:\Program Files\Git LFS;C:\Gradle\gradle-5.3\bin;D:\sonar-scanner-3.3.0.1492-windows\bin;C:\apache-maven-3.6.0;D:\apache-maven-3.6.0\bin;D:\nodejs\;C:\Program Files\NVIDIA Corporation\NVIDIA NvDLISR;C:\Program Files\Git\cmd;C:\Program Files\TortoiseGit\bin;D:\Anaconda\Library\bin;C:\ProgramData\ComposerSetup\bin;C:\Users\jack9\AppData\Roaming\Composer\vendor\bin;D:\XAMPP\php;;%SystemRoot%\system32;%SystemRoot%;%SystemRoot%\System32\Wbem;%SYSTEMROOT%\System32\WindowsPowerShell\v1.0\;%SYSTEMROOT%\System32\OpenSSH\;D:\Anaconda;D:\Anaconda\Library\mingw-w64\bin;D:\Anaconda\Library\usr\bin;D:\Anaconda\Library\bin;D:\Anaconda\Scripts;C:\Users\jack9\AppData\Local\Programs\Python\Python35\Scripts\;C:\Users\jack9\AppData\Local\Programs\Python\Python35\;C:\Users\jack9\AppData\Local\Microsoft\WindowsApps;C:\Program Files\Git LFS;C:\Users\jack9\AppData\Roaming\npm;C:\Users\jack9\AppData\Roaming\Composer\vendor\bin;D:\Microsoft VS Code\bin;%USERPROFILE%\AppData\Local\Microsoft\WindowsApps;;."/>
    <property name="java.vendor" value="Oracle Corporation"/>
    <property name="java.vm.info" value="mixed mode"/>
    <property name="java.vm.version" value="11.0.7+8-LTS"/>
    <property name="sun.io.unicode.encoding" value="UnicodeLittle"/>
    <property name="java.class.version" value="55.0"/>
  </properties>
  <testcase name="check" classname="org.sonar.samples.java.checks.MyCustomSubscriptionRuleTest" time="0"/>
</testsuite>